Arguments: 
  C:\Program Files\nodejs\node.exe C:\Users\Vishvaa Kesav\AppData\Roaming\npm\node_modules\yarn\bin\yarn.js add typegraphql

PATH: 
  C:\Users\Vishvaa Kesav\bin;C:\Program Files\Git\mingw64\bin;C:\Program Files\Git\usr\local\bin;C:\Program Files\Git\usr\bin;C:\Program Files\Git\usr\bin;C:\Program Files\Git\mingw64\bin;C:\Program Files\Git\usr\bin;C:\Users\Vishvaa Kesav\bin;C:\Program Files\Common Files\Oracle\Java\javapath;C:\Windows\system32;C:\Windows;C:\Windows\System32\Wbem;C:\Windows\System32\WindowsPowerShell\v1.0;C:\Windows\System32\OpenSSH;C:\Program Files\Git\cmd;C:\Program Files\nodejs;C:\Program Files\Docker\Docker\resources\bin;C:\ProgramData\DockerDesktop\version-bin;C:\Users\Vishvaa Kesav\AppData\Local\Programs\Python\Python310\Scripts;C:\Users\Vishvaa Kesav\AppData\Local\Programs\Python\Python310;C:\Users\Vishvaa Kesav\AppData\Local\Microsoft\WindowsApps;C:\Users\Vishvaa Kesav\AppData\Local\Programs\Microsoft VS Code\bin;C:\Users\Vishvaa Kesav\AppData\Roaming\npm;C:\Users\Vishvaa Kesav\AppData\Local\Programs\mongosh;C:\Program Files\PostgreSQL\14\bin;C:\Program Files\MongoDB\Server\5.0\bin;C:\src\flutter\bin;C:\Users\Vishvaa Kesav\SurrealDB;C:\Program Files\Git\usr\bin\vendor_perl;C:\Program Files\Git\usr\bin\core_perl

Yarn version: 
  1.22.18

Node version: 
  18.2.0

Platform: 
  win32 x64

Trace: 
  Error: https://registry.yarnpkg.com/typegraphql: Not found
      at params.callback [as _callback] (C:\Users\Vishvaa Kesav\AppData\Roaming\npm\node_modules\yarn\lib\cli.js:66138:18)
      at self.callback (C:\Users\Vishvaa Kesav\AppData\Roaming\npm\node_modules\yarn\lib\cli.js:140883:22)
      at Request.emit (node:events:527:28)
      at Request.<anonymous> (C:\Users\Vishvaa Kesav\AppData\Roaming\npm\node_modules\yarn\lib\cli.js:141855:10)
      at Request.emit (node:events:527:28)
      at IncomingMessage.<anonymous> (C:\Users\Vishvaa Kesav\AppData\Roaming\npm\node_modules\yarn\lib\cli.js:141777:12)
      at Object.onceWrapper (node:events:641:28)
      at IncomingMessage.emit (node:events:539:35)
      at endReadableNT (node:internal/streams/readable:1344:12)
      at process.processTicksAndRejections (node:internal/process/task_queues:82:21)

npm manifest: 
  No manifest

yarn manifest: 
  No manifest

Lockfile: 
  No lockfile
